25-Apr-2022 02:15:52.672 INFO [main] org.apache.catalina.startup.VersionLoggerListener.log Server version name:   Apache Tomcat/9.0.30
25-Apr-2022 02:15:52.674 INFO [main] org.apache.catalina.startup.VersionLoggerListener.log Server built:          Dec 7 2019 16:42:04 UTC
25-Apr-2022 02:15:52.675 INFO [main] org.apache.catalina.startup.VersionLoggerListener.log Server version number: 9.0.30.0
25-Apr-2022 02:15:52.675 INFO [main] org.apache.catalina.startup.VersionLoggerListener.log OS Name:               Windows 10
25-Apr-2022 02:15:52.675 INFO [main] org.apache.catalina.startup.VersionLoggerListener.log OS Version:            10.0
25-Apr-2022 02:15:52.675 INFO [main] org.apache.catalina.startup.VersionLoggerListener.log Architecture:          amd64
25-Apr-2022 02:15:52.675 INFO [main] org.apache.catalina.startup.VersionLoggerListener.log Java Home:             C:\Program Files\Java\jdk1.8.0_231\jre
25-Apr-2022 02:15:52.675 INFO [main] org.apache.catalina.startup.VersionLoggerListener.log JVM Version:           1.8.0_231-b11
25-Apr-2022 02:15:52.676 INFO [main] org.apache.catalina.startup.VersionLoggerListener.log JVM Vendor:            Oracle Corporation
25-Apr-2022 02:15:52.676 INFO [main] org.apache.catalina.startup.VersionLoggerListener.log CATALINA_BASE:         C:\Users\emin.kayabasi\Desktop\Projeler\SahsiProjeler\FiyatKontrolUygulamasiv2\out\artifacts\fkuback\apache-tomcat-9.0.30
25-Apr-2022 02:15:52.676 INFO [main] org.apache.catalina.startup.VersionLoggerListener.log CATALINA_HOME:         C:\Users\emin.kayabasi\Desktop\Projeler\SahsiProjeler\FiyatKontrolUygulamasiv2\out\artifacts\fkuback\apache-tomcat-9.0.30
25-Apr-2022 02:15:52.676 INFO [main] org.apache.catalina.startup.VersionLoggerListener.log Command line argument: -Djava.util.logging.config.file=C:\Users\emin.kayabasi\Desktop\Projeler\SahsiProjeler\FiyatKontrolUygulamasiv2\out\artifacts\fkuback\apache-tomcat-9.0.30\conf\logging.properties
25-Apr-2022 02:15:52.677 INFO [main] org.apache.catalina.startup.VersionLoggerListener.log Command line argument: -Djava.util.logging.manager=org.apache.juli.ClassLoaderLogManager
25-Apr-2022 02:15:52.677 INFO [main] org.apache.catalina.startup.VersionLoggerListener.log Command line argument: -Djdk.tls.ephemeralDHKeySize=2048
25-Apr-2022 02:15:52.677 INFO [main] org.apache.catalina.startup.VersionLoggerListener.log Command line argument: -Djava.protocol.handler.pkgs=org.apache.catalina.webresources
25-Apr-2022 02:15:52.677 INFO [main] org.apache.catalina.startup.VersionLoggerListener.log Command line argument: -Dignore.endorsed.dirs=
25-Apr-2022 02:15:52.677 INFO [main] org.apache.catalina.startup.VersionLoggerListener.log Command line argument: -Dcatalina.base=C:\Users\emin.kayabasi\Desktop\Projeler\SahsiProjeler\FiyatKontrolUygulamasiv2\out\artifacts\fkuback\apache-tomcat-9.0.30
25-Apr-2022 02:15:52.678 INFO [main] org.apache.catalina.startup.VersionLoggerListener.log Command line argument: -Dcatalina.home=C:\Users\emin.kayabasi\Desktop\Projeler\SahsiProjeler\FiyatKontrolUygulamasiv2\out\artifacts\fkuback\apache-tomcat-9.0.30
25-Apr-2022 02:15:52.678 INFO [main] org.apache.catalina.startup.VersionLoggerListener.log Command line argument: -Djava.io.tmpdir=C:\Users\emin.kayabasi\Desktop\Projeler\SahsiProjeler\FiyatKontrolUygulamasiv2\out\artifacts\fkuback\apache-tomcat-9.0.30\temp
25-Apr-2022 02:15:52.679 INFO [main] org.apache.catalina.core.AprLifecycleListener.lifecycleEvent The APR based Apache Tomcat Native library which allows optimal performance in production environments was not found on the java.library.path: [C:\Program Files\Java\jdk1.8.0_231\bin;C:\Windows\Sun\Java\bin;C:\Windows\system32;C:\Windows;C:\Program Files (x86)\Common Files\Oracle\Java\javapath;C:\Windows\system32;C:\Windows;C:\Windows\System32\Wbem;C:\Windows\System32\WindowsPowerShell\v1.0\;C:\Windows\System32\OpenSSH\;C:\Program Files\Git\cmd;C:\Program Files\TortoiseGit\bin;C:\Program Files\Java\jdk1.8.0_231;C:\Program Files\Java\jdk1.8.0_231\bin;C:\Program Files (x86)\Pulse Secure\VC142.CRT\X64\;C:\Program Files (x86)\Pulse Secure\VC142.CRT\X86\;C:\Program Files\PuTTY\;C:\Program Files\nodejs\;C:\Users\emin.kayabasi\AppData\Local\Microsoft\WindowsApps;C:\Program Files\Java\jdk1.8.0_231;;C:\Users\emin.kayabasi\AppData\Local\Programs\Microsoft VS Code\bin;C:\Users\emin.kayabasi\AppData\Roaming\npm;.]
25-Apr-2022 02:15:52.904 INFO [main] org.apache.coyote.AbstractProtocol.init Initializing ProtocolHandler ["http-nio-8080"]
25-Apr-2022 02:15:53.043 INFO [main] org.apache.coyote.AbstractProtocol.init Initializing ProtocolHandler ["ajp-nio-8009"]
25-Apr-2022 02:15:53.047 INFO [main] org.apache.catalina.startup.Catalina.load Server initialization in [536] milliseconds
25-Apr-2022 02:15:53.069 INFO [main] org.apache.catalina.core.StandardService.startInternal Starting service [Catalina]
25-Apr-2022 02:15:53.069 INFO [main] org.apache.catalina.core.StandardEngine.startInternal Starting Servlet engine: [Apache Tomcat/9.0.30]
25-Apr-2022 02:15:53.083 INFO [main] org.apache.catalina.startup.HostConfig.deployWAR Deploying web application archive [C:\Users\emin.kayabasi\Desktop\Projeler\SahsiProjeler\FiyatKontrolUygulamasiv2\out\artifacts\fkuback\apache-tomcat-9.0.30\webapps\fkuback.war]
25-Apr-2022 02:15:55.029 INFO [main] org.apache.jasper.servlet.TldScanner.scanJars At least one JAR was scanned for TLDs yet contained no TLDs. Enable debug logging for this logger for a complete list of JARs that were scanned but no TLDs were found in them. Skipping unneeded JARs during scanning can improve startup time and JSP compilation time.
25-Apr-2022 02:15:55.070 INFO [main] org.apache.catalina.startup.HostConfig.deployWAR Deployment of web application archive [C:\Users\emin.kayabasi\Desktop\Projeler\SahsiProjeler\FiyatKontrolUygulamasiv2\out\artifacts\fkuback\apache-tomcat-9.0.30\webapps\fkuback.war] has finished in [1,987] ms
25-Apr-2022 02:15:55.075 INFO [main] org.apache.coyote.AbstractProtocol.start Starting ProtocolHandler ["http-nio-8080"]
25-Apr-2022 02:15:55.085 INFO [main] org.apache.coyote.AbstractProtocol.start Starting ProtocolHandler ["ajp-nio-8009"]
25-Apr-2022 02:15:55.089 INFO [main] org.apache.catalina.startup.Catalina.start Server startup in [2,041] milliseconds
25-Apr-2022 02:16:22.240 INFO [Thread-5] org.apache.coyote.AbstractProtocol.pause Pausing ProtocolHandler ["http-nio-8080"]
25-Apr-2022 02:16:22.392 INFO [Thread-5] org.apache.coyote.AbstractProtocol.pause Pausing ProtocolHandler ["ajp-nio-8009"]
25-Apr-2022 02:16:22.511 INFO [Thread-5] org.apache.catalina.core.StandardService.stopInternal Stopping service [Catalina]
25-Apr-2022 02:16:22.520 INFO [Thread-5] org.apache.coyote.AbstractProtocol.stop Stopping ProtocolHandler ["http-nio-8080"]
25-Apr-2022 02:16:22.522 INFO [Thread-5] org.apache.coyote.AbstractProtocol.stop Stopping ProtocolHandler ["ajp-nio-8009"]
25-Apr-2022 02:16:22.523 INFO [Thread-5] org.apache.coyote.AbstractProtocol.destroy Destroying ProtocolHandler ["http-nio-8080"]
25-Apr-2022 02:16:22.524 INFO [Thread-5] org.apache.coyote.AbstractProtocol.destroy Destroying ProtocolHandler ["ajp-nio-8009"]
25-Apr-2022 02:16:28.692 SEVERE [main] org.apache.catalina.startup.Catalina.stopServer Could not contact [localhost:8005] (base port [8005] and offset [0]). Tomcat may not be running.
25-Apr-2022 02:20:33.269 INFO [main] org.apache.catalina.startup.VersionLoggerListener.log Server version name:   Apache Tomcat/9.0.30
25-Apr-2022 02:20:33.271 INFO [main] org.apache.catalina.startup.VersionLoggerListener.log Server built:          Dec 7 2019 16:42:04 UTC
25-Apr-2022 02:20:33.271 INFO [main] org.apache.catalina.startup.VersionLoggerListener.log Server version number: 9.0.30.0
25-Apr-2022 02:20:33.272 INFO [main] org.apache.catalina.startup.VersionLoggerListener.log OS Name:               Windows 10
25-Apr-2022 02:20:33.272 INFO [main] org.apache.catalina.startup.VersionLoggerListener.log OS Version:            10.0
25-Apr-2022 02:20:33.272 INFO [main] org.apache.catalina.startup.VersionLoggerListener.log Architecture:          amd64
25-Apr-2022 02:20:33.272 INFO [main] org.apache.catalina.startup.VersionLoggerListener.log Java Home:             C:\Program Files\Java\jdk1.8.0_231\jre
25-Apr-2022 02:20:33.272 INFO [main] org.apache.catalina.startup.VersionLoggerListener.log JVM Version:           1.8.0_231-b11
25-Apr-2022 02:20:33.272 INFO [main] org.apache.catalina.startup.VersionLoggerListener.log JVM Vendor:            Oracle Corporation
25-Apr-2022 02:20:33.272 INFO [main] org.apache.catalina.startup.VersionLoggerListener.log CATALINA_BASE:         C:\Users\emin.kayabasi\Desktop\Projeler\SahsiProjeler\FiyatKontrolUygulamasiv2\out\artifacts\fkuback\apache-tomcat-9.0.30
25-Apr-2022 02:20:33.273 INFO [main] org.apache.catalina.startup.VersionLoggerListener.log CATALINA_HOME:         C:\Users\emin.kayabasi\Desktop\Projeler\SahsiProjeler\FiyatKontrolUygulamasiv2\out\artifacts\fkuback\apache-tomcat-9.0.30
25-Apr-2022 02:20:33.274 INFO [main] org.apache.catalina.startup.VersionLoggerListener.log Command line argument: -Djava.util.logging.config.file=C:\Users\emin.kayabasi\Desktop\Projeler\SahsiProjeler\FiyatKontrolUygulamasiv2\out\artifacts\fkuback\apache-tomcat-9.0.30\conf\logging.properties
25-Apr-2022 02:20:33.274 INFO [main] org.apache.catalina.startup.VersionLoggerListener.log Command line argument: -Djava.util.logging.manager=org.apache.juli.ClassLoaderLogManager
25-Apr-2022 02:20:33.274 INFO [main] org.apache.catalina.startup.VersionLoggerListener.log Command line argument: -Djdk.tls.ephemeralDHKeySize=2048
25-Apr-2022 02:20:33.274 INFO [main] org.apache.catalina.startup.VersionLoggerListener.log Command line argument: -Djava.protocol.handler.pkgs=org.apache.catalina.webresources
25-Apr-2022 02:20:33.274 INFO [main] org.apache.catalina.startup.VersionLoggerListener.log Command line argument: -Dignore.endorsed.dirs=
25-Apr-2022 02:20:33.275 INFO [main] org.apache.catalina.startup.VersionLoggerListener.log Command line argument: -Dcatalina.base=C:\Users\emin.kayabasi\Desktop\Projeler\SahsiProjeler\FiyatKontrolUygulamasiv2\out\artifacts\fkuback\apache-tomcat-9.0.30
25-Apr-2022 02:20:33.276 INFO [main] org.apache.catalina.startup.VersionLoggerListener.log Command line argument: -Dcatalina.home=C:\Users\emin.kayabasi\Desktop\Projeler\SahsiProjeler\FiyatKontrolUygulamasiv2\out\artifacts\fkuback\apache-tomcat-9.0.30
25-Apr-2022 02:20:33.276 INFO [main] org.apache.catalina.startup.VersionLoggerListener.log Command line argument: -Djava.io.tmpdir=C:\Users\emin.kayabasi\Desktop\Projeler\SahsiProjeler\FiyatKontrolUygulamasiv2\out\artifacts\fkuback\apache-tomcat-9.0.30\temp
25-Apr-2022 02:20:33.276 INFO [main] org.apache.catalina.core.AprLifecycleListener.lifecycleEvent The APR based Apache Tomcat Native library which allows optimal performance in production environments was not found on the java.library.path: [C:\Program Files\Java\jdk1.8.0_231\bin;C:\Windows\Sun\Java\bin;C:\Windows\system32;C:\Windows;C:\Program Files (x86)\Common Files\Oracle\Java\javapath;C:\Windows\system32;C:\Windows;C:\Windows\System32\Wbem;C:\Windows\System32\WindowsPowerShell\v1.0\;C:\Windows\System32\OpenSSH\;C:\Program Files\Git\cmd;C:\Program Files\TortoiseGit\bin;C:\Program Files\Java\jdk1.8.0_231;C:\Program Files\Java\jdk1.8.0_231\bin;C:\Program Files (x86)\Pulse Secure\VC142.CRT\X64\;C:\Program Files (x86)\Pulse Secure\VC142.CRT\X86\;C:\Program Files\PuTTY\;C:\Program Files\nodejs\;C:\Users\emin.kayabasi\AppData\Local\Microsoft\WindowsApps;C:\Program Files\Java\jdk1.8.0_231;;C:\Users\emin.kayabasi\AppData\Local\Programs\Microsoft VS Code\bin;C:\Users\emin.kayabasi\AppData\Roaming\npm;.]
25-Apr-2022 02:20:33.483 INFO [main] org.apache.coyote.AbstractProtocol.init Initializing ProtocolHandler ["http-nio-8080"]
25-Apr-2022 02:20:33.612 INFO [main] org.apache.coyote.AbstractProtocol.init Initializing ProtocolHandler ["ajp-nio-8009"]
25-Apr-2022 02:20:33.617 INFO [main] org.apache.catalina.startup.Catalina.load Server initialization in [488] milliseconds
25-Apr-2022 02:20:33.639 INFO [main] org.apache.catalina.core.StandardService.startInternal Starting service [Catalina]
25-Apr-2022 02:20:33.639 INFO [main] org.apache.catalina.core.StandardEngine.startInternal Starting Servlet engine: [Apache Tomcat/9.0.30]
25-Apr-2022 02:20:33.654 INFO [main] org.apache.catalina.startup.HostConfig.deployWAR Deploying web application archive [C:\Users\emin.kayabasi\Desktop\Projeler\SahsiProjeler\FiyatKontrolUygulamasiv2\out\artifacts\fkuback\apache-tomcat-9.0.30\webapps\fkuback.war]
